Determining if the pthread_create exist failed with the following output:
Change Dir: /home/myx/ros_workspaces/lab3/build/CMakeFiles/CMakeTmp

Run Build Command:"/usr/bin/make" "cmTC_fd70c/fast"
/usr/bin/make -f CMakeFiles/cmTC_fd70c.dir/build.make CMakeFiles/cmTC_fd70c.dir/build
make[1]: Entering directory '/home/myx/ros_workspaces/lab3/build/CMakeFiles/CMakeTmp'
Building C object CMakeFiles/cmTC_fd70c.dir/CheckSymbolExists.c.o
/usr/bin/cc     -o CMakeFiles/cmTC_fd70c.dir/CheckSymbolExists.c.o   -c /home/myx/ros_workspaces/lab3/build/CMakeFiles/CMakeTmp/CheckSymbolExists.c
Linking C executable cmTC_fd70c
/usr/bin/cmake -E cmake_link_script CMakeFiles/cmTC_fd70c.dir/link.txt --verbose=1
/usr/bin/cc       CMakeFiles/cmTC_fd70c.dir/CheckSymbolExists.c.o  -o cmTC_fd70c -rdynamic 
CMakeFiles/cmTC_fd70c.dir/CheckSymbolExists.c.o: In function `main':
CheckSymbolExists.c:(.text+0x16): undefined reference to `pthread_create'
collect2: error: ld returned 1 exit status
CMakeFiles/cmTC_fd70c.dir/build.make:97: recipe for target 'cmTC_fd70c' failed
make[1]: *** [cmTC_fd70c] Error 1
make[1]: Leaving directory '/home/myx/ros_workspaces/lab3/build/CMakeFiles/CMakeTmp'
Makefile:126: recipe for target 'cmTC_fd70c/fast' failed
make: *** [cmTC_fd70c/fast] Error 2

File /home/myx/ros_workspaces/lab3/build/CMakeFiles/CMakeTmp/CheckSymbolExists.c:
/* */
#include <pthread.h>

int main(int argc, char** argv)
{
  (void)argv;
#ifndef pthread_create
  return ((int*)(&pthread_create))[argc];
#else
  (void)argc;
  return 0;
#endif
}

Determining if the function pthread_create exists in the pthreads failed with the following output:
Change Dir: /home/myx/ros_workspaces/lab3/build/CMakeFiles/CMakeTmp

Run Build Command:"/usr/bin/make" "cmTC_99d3b/fast"
/usr/bin/make -f CMakeFiles/cmTC_99d3b.dir/build.make CMakeFiles/cmTC_99d3b.dir/build
make[1]: Entering directory '/home/myx/ros_workspaces/lab3/build/CMakeFiles/CMakeTmp'
Building C object CMakeFiles/cmTC_99d3b.dir/CheckFunctionExists.c.o
/usr/bin/cc    -DCHECK_FUNCTION_EXISTS=pthread_create   -o CMakeFiles/cmTC_99d3b.dir/CheckFunctionExists.c.o   -c /usr/share/cmake-3.5/Modules/CheckFunctionExists.c
Linking C executable cmTC_99d3b
/usr/bin/cmake -E cmake_link_script CMakeFiles/cmTC_99d3b.dir/link.txt --verbose=1
/usr/bin/cc   -DCHECK_FUNCTION_EXISTS=pthread_create    CMakeFiles/cmTC_99d3b.dir/CheckFunctionExists.c.o  -o cmTC_99d3b -rdynamic -lpthreads 
/usr/bin/ld: cannot find -lpthreads
collect2: error: ld returned 1 exit status
CMakeFiles/cmTC_99d3b.dir/build.make:97: recipe for target 'cmTC_99d3b' failed
make[1]: *** [cmTC_99d3b] Error 1
make[1]: Leaving directory '/home/myx/ros_workspaces/lab3/build/CMakeFiles/CMakeTmp'
Makefile:126: recipe for target 'cmTC_99d3b/fast' failed
make: *** [cmTC_99d3b/fast] Error 2


