Determining if the pthread_create exist failed with the following output:
Change Dir: /home/myx/ros_workspaces/lab2/build/CMakeFiles/CMakeTmp

Run Build Command:"/usr/bin/make" "cmTC_2a362/fast"
/usr/bin/make -f CMakeFiles/cmTC_2a362.dir/build.make CMakeFiles/cmTC_2a362.dir/build
make[1]: Entering directory '/home/myx/ros_workspaces/lab2/build/CMakeFiles/CMakeTmp'
Building C object CMakeFiles/cmTC_2a362.dir/CheckSymbolExists.c.o
/usr/bin/cc     -o CMakeFiles/cmTC_2a362.dir/CheckSymbolExists.c.o   -c /home/myx/ros_workspaces/lab2/build/CMakeFiles/CMakeTmp/CheckSymbolExists.c
Linking C executable cmTC_2a362
/usr/bin/cmake -E cmake_link_script CMakeFiles/cmTC_2a362.dir/link.txt --verbose=1
/usr/bin/cc       CMakeFiles/cmTC_2a362.dir/CheckSymbolExists.c.o  -o cmTC_2a362 -rdynamic 
CMakeFiles/cmTC_2a362.dir/CheckSymbolExists.c.o: In function `main':
CheckSymbolExists.c:(.text+0x16): undefined reference to `pthread_create'
collect2: error: ld returned 1 exit status
CMakeFiles/cmTC_2a362.dir/build.make:97: recipe for target 'cmTC_2a362' failed
make[1]: *** [cmTC_2a362] Error 1
make[1]: Leaving directory '/home/myx/ros_workspaces/lab2/build/CMakeFiles/CMakeTmp'
Makefile:126: recipe for target 'cmTC_2a362/fast' failed
make: *** [cmTC_2a362/fast] Error 2

File /home/myx/ros_workspaces/lab2/build/CMakeFiles/CMakeTmp/CheckSymbolExists.c:
/* */
#include <pthread.h>

int main(int argc, char** argv)
{
  (void)argv;
#ifndef pthread_create
  return ((int*)(&pthread_create))[argc];
#else
  (void)argc;
  return 0;
#endif
}

Determining if the function pthread_create exists in the pthreads failed with the following output:
Change Dir: /home/myx/ros_workspaces/lab2/build/CMakeFiles/CMakeTmp

Run Build Command:"/usr/bin/make" "cmTC_43a0d/fast"
/usr/bin/make -f CMakeFiles/cmTC_43a0d.dir/build.make CMakeFiles/cmTC_43a0d.dir/build
make[1]: Entering directory '/home/myx/ros_workspaces/lab2/build/CMakeFiles/CMakeTmp'
Building C object CMakeFiles/cmTC_43a0d.dir/CheckFunctionExists.c.o
/usr/bin/cc    -DCHECK_FUNCTION_EXISTS=pthread_create   -o CMakeFiles/cmTC_43a0d.dir/CheckFunctionExists.c.o   -c /usr/share/cmake-3.5/Modules/CheckFunctionExists.c
Linking C executable cmTC_43a0d
/usr/bin/cmake -E cmake_link_script CMakeFiles/cmTC_43a0d.dir/link.txt --verbose=1
/usr/bin/cc   -DCHECK_FUNCTION_EXISTS=pthread_create    CMakeFiles/cmTC_43a0d.dir/CheckFunctionExists.c.o  -o cmTC_43a0d -rdynamic -lpthreads 
/usr/bin/ld: cannot find -lpthreads
collect2: error: ld returned 1 exit status
CMakeFiles/cmTC_43a0d.dir/build.make:97: recipe for target 'cmTC_43a0d' failed
make[1]: *** [cmTC_43a0d] Error 1
make[1]: Leaving directory '/home/myx/ros_workspaces/lab2/build/CMakeFiles/CMakeTmp'
Makefile:126: recipe for target 'cmTC_43a0d/fast' failed
make: *** [cmTC_43a0d/fast] Error 2


